[     470ms] [VERBOSE] [DOM] Input elements should have autocomplete attributes (suggested: "current-password"): (More info: https://goo.gl/9p2vKq) %o @ http://localhost:3001/signin:0
[     821ms] [INFO] %cDownload the React DevTools for a better development experience: https://react.dev/link/react-devtools font-weight:bold @ http://localhost:3001/_next/static/chunks/node_modules_next_dist_1ybzpk2._.js:2477
[    1104ms] [LOG] [HMR] connected @ http://localhost:3001/_next/static/chunks/node_modules_next_dist_1ybzpk2._.js:2477
[   40633ms] [LOG] [Fast Refresh] rebuilding @ http://localhost:3001/_next/static/chunks/node_modules_next_dist_1ybzpk2._.js:2477
[   40638ms] [LOG] [Fast Refresh] done in 116ms @ http://localhost:3001/_next/static/chunks/node_modules_next_dist_1ybzpk2._.js:2477
[   40718ms] [WARNING] Image with src "http://localhost:3001/vercel.svg" has either width or height modified, but not the other. If you use CSS to change the size of your image, also include the styles 'width: "auto"' or 'height: "auto"' to maintain the aspect ratio. @ http://localhost:3001/_next/static/chunks/node_modules_next_dist_1ybzpk2._.js:2477
[  417048ms] [LOG] [Fast Refresh] rebuilding @ http://localhost:3001/_next/static/chunks/node_modules_next_dist_1ybzpk2._.js:2477
[  417225ms] [LOG] [Fast Refresh] done in 77ms @ http://localhost:3001/_next/static/chunks/node_modules_next_dist_1ybzpk2._.js:2477
[  423580ms] [LOG] [Fast Refresh] rebuilding @ http://localhost:3001/_next/static/chunks/node_modules_next_dist_1ybzpk2._.js:2477
[  423590ms] [LOG] [Fast Refresh] done in 72ms @ http://localhost:3001/_next/static/chunks/node_modules_next_dist_1ybzpk2._.js:2477
[  423705ms] [LOG] [Fast Refresh] rebuilding @ http://localhost:3001/_next/static/chunks/node_modules_next_dist_1ybzpk2._.js:2477
[  423784ms] [LOG] [Fast Refresh] done in 190ms @ http://localhost:3001/_next/static/chunks/node_modules_next_dist_1ybzpk2._.js:2477
[  423904ms] [LOG] [Fast Refresh] rebuilding @ http://localhost:3001/_next/static/chunks/node_modules_next_dist_1ybzpk2._.js:2477
[  423971ms] [LOG] [Fast Refresh] done in 176ms @ http://localhost:3001/_next/static/chunks/node_modules_next_dist_1ybzpk2._.js:2477
[  430647ms] [LOG] [Fast Refresh] rebuilding @ http://localhost:3001/_next/static/chunks/node_modules_next_dist_1ybzpk2._.js:2477
[  430820ms] [LOG] [Fast Refresh] done in 59ms @ http://localhost:3001/_next/static/chunks/node_modules_next_dist_1ybzpk2._.js:2477
[  433589ms] [LOG] [Fast Refresh] rebuilding @ http://localhost:3001/_next/static/chunks/node_modules_next_dist_1ybzpk2._.js:2477
[  433753ms] [LOG] [Fast Refresh] done in 52ms @ http://localhost:3001/_next/static/chunks/node_modules_next_dist_1ybzpk2._.js:2477
[  441537ms] [LOG] [Fast Refresh] rebuilding @ http://localhost:3001/_next/static/chunks/node_modules_next_dist_1ybzpk2._.js:2477
[  441648ms] [LOG] [Fast Refresh] done in 63ms @ http://localhost:3001/_next/static/chunks/node_modules_next_dist_1ybzpk2._.js:2477
[  441757ms] [LOG] [Fast Refresh] rebuilding @ http://localhost:3001/_next/static/chunks/node_modules_next_dist_1ybzpk2._.js:2477
[  441782ms] [LOG] [Fast Refresh] done in 133ms @ http://localhost:3001/_next/static/chunks/node_modules_next_dist_1ybzpk2._.js:2477
[  445828ms] [LOG] [Fast Refresh] rebuilding @ http://localhost:3001/_next/static/chunks/node_modules_next_dist_1ybzpk2._.js:2477
[  446070ms] [LOG] [Fast Refresh] done in 55ms @ http://localhost:3001/_next/static/chunks/node_modules_next_dist_1ybzpk2._.js:2477
[  681538ms] [LOG] [Fast Refresh] rebuilding @ http://localhost:3001/_next/static/chunks/node_modules_next_dist_1ybzpk2._.js:2477
[  681566ms] [ERROR] ./src/lib/api.ts:34:5
Expected ',', got 'ident'
  32 |     method: options.method,
  33 |     credentials: 'include'
> 34 |     headers: {
     |     ^^^^^^^
  35 |       "Content-Type": "application/json",
  36 |       ...(token ? { Authorization: `Bearer ${token}` } : {}), // Masukin Authorization header
  37 |       ...options.headers,

Parsing ecmascript source code failed

Import traces:
  Client Component Browser:
    ./src/lib/api.ts [Client Component Browser]
    ./src/app/(auth)/signin/page.tsx [Client Component Browser]
    ./src/app/(auth)/signin/page.tsx [Server Component]

  Client Component SSR:
    ./src/lib/api.ts [Client Component SSR]
    ./src/app/(auth)/signin/page.tsx [Client Component SSR]
    ./src/app/(auth)/signin/page.tsx [Server Component] @ http://localhost:3001/_next/static/chunks/node_modules_next_dist_1ybzpk2._.js:3318
[  681644ms] [ERROR] ./src/lib/api.ts:34:5
Expected ',', got 'ident'
  32 |     method: options.method,
  33 |     credentials: 'include'
> 34 |     headers: {
     |     ^^^^^^^
  35 |       "Content-Type": "application/json",
  36 |       ...(token ? { Authorization: `Bearer ${token}` } : {}), // Masukin Authorization header
  37 |       ...options.headers,

Parsing ecmascript source code failed

Import traces:
  Client Component Browser:
    ./src/lib/api.ts [Client Component Browser]
    ./src/app/(auth)/signin/page.tsx [Client Component Browser]
    ./src/app/(auth)/signin/page.tsx [Server Component]

  Client Component SSR:
    ./src/lib/api.ts [Client Component SSR]
    ./src/app/(auth)/signin/page.tsx [Client Component SSR]
    ./src/app/(auth)/signin/page.tsx [Server Component] @ http://localhost:3001/_next/static/chunks/node_modules_next_dist_1ybzpk2._.js:3318
[  681756ms] [LOG] [Fast Refresh] rebuilding @ http://localhost:3001/_next/static/chunks/node_modules_next_dist_1ybzpk2._.js:2477
[  681853ms] [ERROR] ./src/lib/api.ts:34:5
Expected ',', got 'ident'
  32 |     method: options.method,
  33 |     credentials: 'include'
> 34 |     headers: {
     |     ^^^^^^^
  35 |       "Content-Type": "application/json",
  36 |       ...(token ? { Authorization: `Bearer ${token}` } : {}), // Masukin Authorization header
  37 |       ...options.headers,

Parsing ecmascript source code failed

Import traces:
  Client Component Browser:
    ./src/lib/api.ts [Client Component Browser]
    ./src/app/(auth)/signin/page.tsx [Client Component Browser]
    ./src/app/(auth)/signin/page.tsx [Server Component]

  Client Component SSR:
    ./src/lib/api.ts [Client Component SSR]
    ./src/app/(auth)/signin/page.tsx [Client Component SSR]
    ./src/app/(auth)/signin/page.tsx [Server Component] @ http://localhost:3001/_next/static/chunks/node_modules_next_dist_1ybzpk2._.js:3318
[  681956ms] [LOG] [Fast Refresh] rebuilding @ http://localhost:3001/_next/static/chunks/node_modules_next_dist_1ybzpk2._.js:2477
[  682096ms] [ERROR] Failed to load resource: the server responded with a status of 500 (Internal Server Error) @ http://localhost:3001/?_rsc=q3mOO9BClNZHexY7:0
[  682099ms] [ERROR] ./src/lib/api.ts:34:5
Expected ',', got 'ident'
  32 |     method: options.method,
  33 |     credentials: 'include'
> 34 |     headers: {
     |     ^^^^^^^
  35 |       "Content-Type": "application/json",
  36 |       ...(token ? { Authorization: `Bearer ${token}` } : {}), // Masukin Authorization header
  37 |       ...options.headers,

Parsing ecmascript source code failed

Import traces:
  Client Component Browser:
    ./src/lib/api.ts [Client Component Browser]
    ./src/app/(auth)/signin/page.tsx [Client Component Browser]
    ./src/app/(auth)/signin/page.tsx [Server Component]

  Client Component SSR:
    ./src/lib/api.ts [Client Component SSR]
    ./src/app/(auth)/signin/page.tsx [Client Component SSR]
    ./src/app/(auth)/signin/page.tsx [Server Component] @ http://localhost:3001/_next/static/chunks/node_modules_next_dist_1ybzpk2._.js:3318
[  682171ms] [ERROR] Failed to load resource: the server responded with a status of 500 (Internal Server Error) @ http://localhost:3001/:0
[  682385ms] [INFO] %cDownload the React DevTools for a better development experience: https://react.dev/link/react-devtools font-weight:bold @ http://localhost:3001/_next/static/chunks/node_modules_react-dom_0kla17-._.js:15305
[  682487ms] Error: ./src/lib/api.ts:34:5
Expected ',', got 'ident'
  32 |     method: options.method,
  33 |     credentials: 'include'
> 34 |     headers: {
     |     ^^^^^^^
  35 |       "Content-Type": "application/json",
  36 |       ...(token ? { Authorization: `Bearer ${token}` } : {}), // Masukin Authorization header
  37 |       ...options.headers,

Parsing ecmascript source code failed

Import traces:
  Client Component Browser:
    ./src/lib/api.ts [Client Component Browser]
    ./src/app/(auth)/signin/page.tsx [Client Component Browser]
    ./src/app/(auth)/signin/page.tsx [Server Component]

  Client Component SSR:
    ./src/lib/api.ts [Client Component SSR]
    ./src/app/(auth)/signin/page.tsx [Client Component SSR]
    ./src/app/(auth)/signin/page.tsx [Server Component]


    at <unknown> (Error: ./src/lib/api.ts:34:5)
    at Object.getCompilationErrors (file://D:\Lenovo\Code\learn\workspace\flashcard-app\web\node_modules\next\dist\server\dev\hot-reloader-turbopack.js:1186:59)
    at DevBundlerService.getCompilationError (file://D:\Lenovo\Code\learn\workspace\flashcard-app\web\node_modules\next\dist\server\lib\dev-bundler-service.js:44:55)
    at DevServer.getCompilationError (file://D:\Lenovo\Code\learn\workspace\flashcard-app\web\node_modules\next\dist\server\dev\next-dev-server.js:720:42)
    at DevServer.findPageComponents (file://D:\Lenovo\Code\learn\workspace\flashcard-app\web\node_modules\next\dist\server\dev\next-dev-server.js:690:43)
    at async DevServer.renderErrorToResponseImpl (file://D:\Lenovo\Code\learn\workspace\flashcard-app\web\node_modules\next\dist\server\base-server.js:1753:26)
[  682487ms] [LOG] [HMR] connected @ http://localhost:3001/_next/static/chunks/node_modules_next_dist_1gdrd03._.js:1226
[  682492ms] [ERROR] ./src/lib/api.ts:34:5
Expected ',', got 'ident'
  32 |     method: options.method,
  33 |     credentials: 'include'
> 34 |     headers: {
     |     ^^^^^^^
  35 |       "Content-Type": "application/json",
  36 |       ...(token ? { Authorization: `Bearer ${token}` } : {}), // Masukin Authorization header
  37 |       ...options.headers,

Parsing ecmascript source code failed

Import traces:
  Client Component Browser:
    ./src/lib/api.ts [Client Component Browser]
    ./src/app/(auth)/signin/page.tsx [Client Component Browser]
    ./src/app/(auth)/signin/page.tsx [Server Component]

  Client Component SSR:
    ./src/lib/api.ts [Client Component SSR]
    ./src/app/(auth)/signin/page.tsx [Client Component SSR]
    ./src/app/(auth)/signin/page.tsx [Server Component] @ http://localhost:3001/_next/static/chunks/node_modules_next_dist_1gdrd03._.js:1945
[  682602ms] [LOG] [Fast Refresh] rebuilding @ http://localhost:3001/_next/static/chunks/node_modules_next_dist_1gdrd03._.js:1226
[  682605ms] [ERROR] ./src/lib/api.ts:34:5
Expected ',', got 'ident'
  32 |     method: options.method,
  33 |     credentials: 'include'
> 34 |     headers: {
     |     ^^^^^^^
  35 |       "Content-Type": "application/json",
  36 |       ...(token ? { Authorization: `Bearer ${token}` } : {}), // Masukin Authorization header
  37 |       ...options.headers,

Parsing ecmascript source code failed

Import traces:
  Client Component Browser:
    ./src/lib/api.ts [Client Component Browser]
    ./src/app/(auth)/signin/page.tsx [Client Component Browser]
    ./src/app/(auth)/signin/page.tsx [Server Component]

  Client Component SSR:
    ./src/lib/api.ts [Client Component SSR]
    ./src/app/(auth)/signin/page.tsx [Client Component SSR]
    ./src/app/(auth)/signin/page.tsx [Server Component] @ http://localhost:3001/_next/static/chunks/node_modules_next_dist_1gdrd03._.js:1945
[  682688ms] [LOG] [Fast Refresh] rebuilding @ http://localhost:3001/_next/static/chunks/node_modules_next_dist_1gdrd03._.js:1226
[  682903ms] [LOG] [Fast Refresh] done in 93ms @ http://localhost:3001/_next/static/chunks/node_modules_next_dist_1gdrd03._.js:1226
[  683093ms] [INFO] %cDownload the React DevTools for a better development experience: https://react.dev/link/react-devtools font-weight:bold @ http://localhost:3001/_next/static/chunks/node_modules_next_dist_1ybzpk2._.js:2477
[  683128ms] [LOG] [HMR] connected @ http://localhost:3001/_next/static/chunks/node_modules_next_dist_1ybzpk2._.js:2477
[  683161ms] [WARNING] Image with src "http://localhost:3001/vercel.svg" has either width or height modified, but not the other. If you use CSS to change the size of your image, also include the styles 'width: "auto"' or 'height: "auto"' to maintain the aspect ratio. @ http://localhost:3001/_next/static/chunks/node_modules_next_dist_1ybzpk2._.js:2477
[  776153ms] [LOG] [HMR] connected @ http://localhost:3001/_next/static/chunks/node_modules_next_dist_1ybzpk2._.js:2477
[  776829ms] [INFO] %cDownload the React DevTools for a better development experience: https://react.dev/link/react-devtools font-weight:bold @ http://localhost:3001/_next/static/chunks/node_modules_next_dist_1ybzpk2._.js:2477
[  776858ms] [LOG] [HMR] connected @ http://localhost:3001/_next/static/chunks/node_modules_next_dist_1ybzpk2._.js:2477
[  776889ms] [WARNING] Image with src "http://localhost:3001/vercel.svg" has either width or height modified, but not the other. If you use CSS to change the size of your image, also include the styles 'width: "auto"' or 'height: "auto"' to maintain the aspect ratio. @ http://localhost:3001/_next/static/chunks/node_modules_next_dist_1ybzpk2._.js:2477
