[     133ms] [LOG] [Fast Refresh] rebuilding @ http://localhost:3001/_next/static/chunks/node_modules_next_dist_1ybzpk2._.js:2477
[     405ms] [LOG] [Fast Refresh] done in 372ms @ http://localhost:3001/_next/static/chunks/node_modules_next_dist_1ybzpk2._.js:2477
[     626ms] [INFO] %cDownload the React DevTools for a better development experience: https://react.dev/link/react-devtools font-weight:bold @ http://localhost:3001/_next/static/chunks/node_modules_next_dist_1ybzpk2._.js:2477
[     697ms] [LOG] [HMR] connected @ http://localhost:3001/_next/static/chunks/node_modules_next_dist_1ybzpk2._.js:2477
[     997ms] [LOG] [Fast Refresh] rebuilding @ http://localhost:3001/_next/static/chunks/node_modules_next_dist_1ybzpk2._.js:2477
[    1241ms] [LOG] [Fast Refresh] done in 349ms @ http://localhost:3001/_next/static/chunks/node_modules_next_dist_1ybzpk2._.js:2477
[    2813ms] [LOG] [Fast Refresh] rebuilding @ http://localhost:3001/_next/static/chunks/node_modules_next_dist_1ybzpk2._.js:2477
[    2941ms] [VERBOSE] [DOM] Input elements should have autocomplete attributes (suggested: "current-password"): (More info: https://goo.gl/9p2vKq) %o @ http://localhost:3001/login:0
[    3866ms] [LOG] [Fast Refresh] done in 1162ms @ http://localhost:3001/_next/static/chunks/node_modules_next_dist_1ybzpk2._.js:2477
[   13079ms] [LOG] [Fast Refresh] rebuilding @ http://localhost:3001/_next/static/chunks/node_modules_next_dist_1ybzpk2._.js:2477
[   13163ms] [LOG] [Fast Refresh] done in 190ms @ http://localhost:3001/_next/static/chunks/node_modules_next_dist_1ybzpk2._.js:2477
[   13279ms] [LOG] [Fast Refresh] rebuilding @ http://localhost:3001/_next/static/chunks/node_modules_next_dist_1ybzpk2._.js:2477
[   13616ms] [LOG] [Fast Refresh] done in 446ms @ http://localhost:3001/_next/static/chunks/node_modules_next_dist_1ybzpk2._.js:2477
[   13764ms] [LOG] [Fast Refresh] rebuilding @ http://localhost:3001/_next/static/chunks/node_modules_next_dist_1ybzpk2._.js:2477
[   14553ms] [LOG] [Fast Refresh] done in 898ms @ http://localhost:3001/_next/static/chunks/node_modules_next_dist_1ybzpk2._.js:2477
[  113009ms] [ERROR] WebSocket connection to 'ws://localhost:3001/_next/webpack-hmr?id=YkPOnqGHMA-enel_zuczj' failed: Error in connection establishment: net::ERR_CONNECTION_REFUSED @ http://localhost:3001/_next/static/chunks/node_modules_next_dist_client_0r5nbpw._.js:13422
[  116363ms] [ERROR] WebSocket connection to 'ws://localhost:3001/_next/webpack-hmr?id=YkPOnqGHMA-enel_zuczj' failed: Error in connection establishment: net::ERR_CONNECTION_REFUSED @ http://localhost:3001/_next/static/chunks/node_modules_next_dist_client_0r5nbpw._.js:13422
[  119719ms] [ERROR] WebSocket connection to 'ws://localhost:3001/_next/webpack-hmr?id=YkPOnqGHMA-enel_zuczj' failed: Error in connection establishment: net::ERR_CONNECTION_REFUSED @ http://localhost:3001/_next/static/chunks/node_modules_next_dist_client_0r5nbpw._.js:13422
[  123059ms] [ERROR] WebSocket connection to 'ws://localhost:3001/_next/webpack-hmr?id=YkPOnqGHMA-enel_zuczj' failed: Error in connection establishment: net::ERR_CONNECTION_REFUSED @ http://localhost:3001/_next/static/chunks/node_modules_next_dist_client_0r5nbpw._.js:13422
[  126421ms] [ERROR] WebSocket connection to 'ws://localhost:3001/_next/webpack-hmr?id=YkPOnqGHMA-enel_zuczj' failed: Error in connection establishment: net::ERR_CONNECTION_REFUSED @ http://localhost:3001/_next/static/chunks/node_modules_next_dist_client_0r5nbpw._.js:13422
[  133754ms] [ERROR] WebSocket connection to 'ws://localhost:3001/_next/webpack-hmr?id=YkPOnqGHMA-enel_zuczj' failed: Error in connection establishment: net::ERR_CONNECTION_REFUSED @ http://localhost:3001/_next/static/chunks/node_modules_next_dist_client_0r5nbpw._.js:13422
[  141096ms] [ERROR] WebSocket connection to 'ws://localhost:3001/_next/webpack-hmr?id=YkPOnqGHMA-enel_zuczj' failed: Error in connection establishment: net::ERR_CONNECTION_REFUSED @ http://localhost:3001/_next/static/chunks/node_modules_next_dist_client_0r5nbpw._.js:13422
[  148437ms] [ERROR] WebSocket connection to 'ws://localhost:3001/_next/webpack-hmr?id=YkPOnqGHMA-enel_zuczj' failed: Error in connection establishment: net::ERR_CONNECTION_REFUSED @ http://localhost:3001/_next/static/chunks/node_modules_next_dist_client_0r5nbpw._.js:13422
[  155800ms] [ERROR] WebSocket connection to 'ws://localhost:3001/_next/webpack-hmr?id=YkPOnqGHMA-enel_zuczj' failed: Error in connection establishment: net::ERR_CONNECTION_REFUSED @ http://localhost:3001/_next/static/chunks/node_modules_next_dist_client_0r5nbpw._.js:13422
[  163137ms] [ERROR] WebSocket connection to 'ws://localhost:3001/_next/webpack-hmr?id=YkPOnqGHMA-enel_zuczj' failed: Error in connection establishment: net::ERR_CONNECTION_REFUSED @ http://localhost:3001/_next/static/chunks/node_modules_next_dist_client_0r5nbpw._.js:13422
[  170496ms] [ERROR] WebSocket connection to 'ws://localhost:3001/_next/webpack-hmr?id=YkPOnqGHMA-enel_zuczj' failed: Error in connection establishment: net::ERR_CONNECTION_REFUSED @ http://localhost:3001/_next/static/chunks/node_modules_next_dist_client_0r5nbpw._.js:13422
[  177841ms] [ERROR] WebSocket connection to 'ws://localhost:3001/_next/webpack-hmr?id=YkPOnqGHMA-enel_zuczj' failed: Error in connection establishment: net::ERR_CONNECTION_REFUSED @ http://localhost:3001/_next/static/chunks/node_modules_next_dist_client_0r5nbpw._.js:13422
