[     112ms] [VERBOSE] [DOM] Input elements should have autocomplete attributes (suggested: "current-password"): (More info: https://goo.gl/9p2vKq) %o @ http://localhost:3001/signin:0
[     154ms] [INFO] %cDownload the React DevTools for a better development experience: https://react.dev/link/react-devtools font-weight:bold @ http://localhost:3001/_next/static/chunks/node_modules_next_dist_1ybzpk2._.js:2477
[     182ms] [LOG] [HMR] connected @ http://localhost:3001/_next/static/chunks/node_modules_next_dist_1ybzpk2._.js:2477
[   25886ms] [WARNING] Image with src "http://localhost:3001/vercel.svg" has either width or height modified, but not the other. If you use CSS to change the size of your image, also include the styles 'width: "auto"' or 'height: "auto"' to maintain the aspect ratio. @ http://localhost:3001/_next/static/chunks/node_modules_next_dist_1ybzpk2._.js:2477
[  418182ms] [LOG] [Fast Refresh] rebuilding @ http://localhost:3001/_next/static/chunks/node_modules_next_dist_1ybzpk2._.js:2477
[  418569ms] [LOG] [Fast Refresh] done in 489ms @ http://localhost:3001/_next/static/chunks/node_modules_next_dist_1ybzpk2._.js:2477
[ 1131360ms] [LOG] [Fast Refresh] rebuilding @ http://localhost:3001/_next/static/chunks/node_modules_next_dist_1ybzpk2._.js:2477
[ 1131507ms] [LOG] [Fast Refresh] done in 97ms @ http://localhost:3001/_next/static/chunks/node_modules_next_dist_1ybzpk2._.js:2477
[ 1210571ms] [LOG] [HMR] connected @ http://localhost:3001/_next/static/chunks/node_modules_next_dist_1ybzpk2._.js:2477
[ 1211156ms] [INFO] %cDownload the React DevTools for a better development experience: https://react.dev/link/react-devtools font-weight:bold @ http://localhost:3001/_next/static/chunks/node_modules_next_dist_1ybzpk2._.js:2477
[ 1211189ms] [LOG] [HMR] connected @ http://localhost:3001/_next/static/chunks/node_modules_next_dist_1ybzpk2._.js:2477
[ 1211216ms] [WARNING] Image with src "http://localhost:3001/vercel.svg" has either width or height modified, but not the other. If you use CSS to change the size of your image, also include the styles 'width: "auto"' or 'height: "auto"' to maintain the aspect ratio. @ http://localhost:3001/_next/static/chunks/node_modules_next_dist_1ybzpk2._.js:2477
[ 1225619ms] [LOG] [Fast Refresh] rebuilding @ http://localhost:3001/_next/static/chunks/node_modules_next_dist_1ybzpk2._.js:2477
[ 1226445ms] [LOG] [Fast Refresh] done in 934ms @ http://localhost:3001/_next/static/chunks/node_modules_next_dist_1ybzpk2._.js:2477
[ 1294058ms] [LOG] [Fast Refresh] rebuilding @ http://localhost:3001/_next/static/chunks/node_modules_next_dist_1ybzpk2._.js:2477
[ 1294423ms] [LOG] [Fast Refresh] done in 476ms @ http://localhost:3001/_next/static/chunks/node_modules_next_dist_1ybzpk2._.js:2477
[ 1298440ms] [LOG] [Fast Refresh] rebuilding @ http://localhost:3001/_next/static/chunks/node_modules_next_dist_1ybzpk2._.js:2477
[ 1298527ms] [LOG] [Fast Refresh] done in 194ms @ http://localhost:3001/_next/static/chunks/node_modules_next_dist_1ybzpk2._.js:2477
[ 1745285ms] [LOG] [Fast Refresh] rebuilding @ http://localhost:3001/_next/static/chunks/node_modules_next_dist_1ybzpk2._.js:2477
[ 1745893ms] [WARNING] [Fast Refresh] performing full reload

Fast Refresh will perform a full reload when you edit a file that's imported by modules outside of the React rendering tree.
You might have a file which exports a React component but also exports a value that is imported by a non-React component file.
Consider migrating the non-React component export to a separate file and importing it into both files.

It is also possible the parent component of the component you edited is a class component, which disables Fast Refresh.
Fast Refresh requires at least one parent function component in your React tree. @ http://localhost:3001/_next/static/chunks/node_modules_next_dist_1ybzpk2._.js:2477
[ 1745895ms] [LOG] [Fast Refresh] done in 718ms @ http://localhost:3001/_next/static/chunks/node_modules_next_dist_1ybzpk2._.js:2477
[ 1745999ms] [LOG] [Fast Refresh] rebuilding @ http://localhost:3001/_next/static/chunks/node_modules_next_dist_1ybzpk2._.js:2477
[ 1747049ms] [LOG] [Fast Refresh] done in 1150ms @ http://localhost:3001/_next/static/chunks/node_modules_next_dist_1ybzpk2._.js:2477
[ 1747151ms] [LOG] [Fast Refresh] rebuilding @ http://localhost:3001/_next/static/chunks/node_modules_next_dist_1ybzpk2._.js:2477
[ 1747807ms] [ERROR] Failed to load resource: the server responded with a status of 500 (Internal Server Error) @ http://localhost:3001/?_rsc=q3mOO9BClNZHexY7:0
[ 1748240ms] [LOG] [Fast Refresh] done in 1190ms @ http://localhost:3001/_next/static/chunks/node_modules_next_dist_1ybzpk2._.js:2477
[ 1748351ms] [LOG] [Fast Refresh] rebuilding @ http://localhost:3001/_next/static/chunks/node_modules_next_dist_1ybzpk2._.js:2477
[ 1750081ms] [LOG] [Fast Refresh] done in 1840ms @ http://localhost:3001/_next/static/chunks/node_modules_next_dist_1ybzpk2._.js:2477
[ 1750159ms] [ERROR] Failed to load resource: the server responded with a status of 500 (Internal Server Error) @ http://localhost:3001/?_rsc=q3mOO9BClNZHexY7:0
[ 1750170ms] [ERROR] Failed to load resource: the server responded with a status of 500 (Internal Server Error) @ http://localhost:3001/:0
[ 1751116ms] [INFO] %cDownload the React DevTools for a better development experience: https://react.dev/link/react-devtools font-weight:bold @ http://localhost:3001/_next/static/chunks/node_modules_react-dom_0kla17-._.js:15305
[ 1751211ms] Error: The default export is not a React Component in "/page"
    at errorMissingDefaultExport (file://D:\Lenovo\Code\learn\workspace\flashcard-app\web\node_modules\next\dist\compiled\next-server\app-page-turbo.runtime.dev.js:65:20093)
    at createComponentTreeInternal (file://D:\Lenovo\Code\learn\workspace\flashcard-app\web\node_modules\next\dist\compiled\next-server\app-page-turbo.runtime.dev.js:65:28813)
    at async (file://D:\Lenovo\Code\learn\workspace\flashcard-app\web\node_modules\next\dist\compiled\next-server\app-page-turbo.runtime.dev.js:65:31517)
    at async createComponentTreeInternal (file://D:\Lenovo\Code\learn\workspace\flashcard-app\web\node_modules\next\dist\compiled\next-server\app-page-turbo.runtime.dev.js:65:30260)
    at async getRSCPayload (file://D:\Lenovo\Code\learn\workspace\flashcard-app\web\node_modules\next\dist\compiled\next-server\app-page-turbo.runtime.dev.js:69:42236)
    at async (file://D:\Lenovo\Code\learn\workspace\flashcard-app\web\node_modules\next\dist\compiled\next-server\app-page-turbo.runtime.dev.js:69:73629)
    at async renderToHTMLOrFlightImpl (file://D:\Lenovo\Code\learn\workspace\flashcard-app\web\node_modules\next\dist\compiled\next-server\app-page-turbo.runtime.dev.js:69:56960)
    at async doRender (file://D:\Lenovo\Code\learn\workspace\flashcard-app\web\.next\dev\server\chunks\ssr\node_modules_1ppp-42._.js:5168:28)
    at async AppPageRouteModule.handleResponse (file://D:\Lenovo\Code\learn\workspace\flashcard-app\web\node_modules\next\dist\compiled\next-server\app-page-turbo.runtime.dev.js:71:66429)
    at async handleResponse (file://D:\Lenovo\Code\learn\workspace\flashcard-app\web\.next\dev\server\chunks\ssr\node_modules_1ppp-42._.js:5479:32)
    at async Module.handler (file://D:\Lenovo\Code\learn\workspace\flashcard-app\web\.next\dev\server\chunks\ssr\node_modules_1ppp-42._.js:5885:20)
    at async DevServer.renderToResponseWithComponentsImpl (file://D:\Lenovo\Code\learn\workspace\flashcard-app\web\node_modules\next\dist\server\base-server.js:1462:9)
    at async DevServer.renderPageComponent (file://D:\Lenovo\Code\learn\workspace\flashcard-app\web\node_modules\next\dist\server\base-server.js:1514:24)
    at async DevServer.renderToResponseImpl (file://D:\Lenovo\Code\learn\workspace\flashcard-app\web\node_modules\next\dist\server\base-server.js:1564:32)
    at async DevServer.pipeImpl (file://D:\Lenovo\Code\learn\workspace\flashcard-app\web\node_modules\next\dist\server\base-server.js:1044:25)
    at async NextNodeServer.handleCatchallRenderRequest (file://D:\Lenovo\Code\learn\workspace\flashcard-app\web\node_modules\next\dist\server\next-server.js:338:17)
    at async DevServer.handleRequestImpl (file://D:\Lenovo\Code\learn\workspace\flashcard-app\web\node_modules\next\dist\server\base-server.js:935:17)
    at async (file://D:\Lenovo\Code\learn\workspace\flashcard-app\web\node_modules\next\dist\server\dev\next-dev-server.js:394:20)
    at async Span.traceAsyncFn (file://D:\Lenovo\Code\learn\workspace\flashcard-app\web\node_modules\next\dist\trace\trace.js:164:20)
    at async DevServer.handleRequest (file://D:\Lenovo\Code\learn\workspace\flashcard-app\web\node_modules\next\dist\server\dev\next-dev-server.js:390:24)
    at async invokeRender (file://D:\Lenovo\Code\learn\workspace\flashcard-app\web\node_modules\next\dist\server\lib\router-server.js:266:21)
    at async handleRequest (file://D:\Lenovo\Code\learn\workspace\flashcard-app\web\node_modules\next\dist\server\lib\router-server.js:465:24)
    at async requestHandlerImpl (file://D:\Lenovo\Code\learn\workspace\flashcard-app\web\node_modules\next\dist\server\lib\router-server.js:514:13)
    at async Server.requestListener (file://D:\Lenovo\Code\learn\workspace\flashcard-app\web\node_modules\next\dist\server\lib\start-server.js:225:13)
[ 1751221ms] [LOG] [HMR] connected @ http://localhost:3001/_next/static/chunks/node_modules_next_dist_1gdrd03._.js:1226
[ 1823702ms] [LOG] [Fast Refresh] rebuilding @ http://localhost:3001/_next/static/chunks/node_modules_next_dist_1gdrd03._.js:1226
[ 1824248ms] [LOG] [Fast Refresh] done in 514ms @ http://localhost:3001/_next/static/chunks/node_modules_next_dist_1gdrd03._.js:1226
[ 1824373ms] [LOG] [Fast Refresh] rebuilding @ http://localhost:3001/_next/static/chunks/node_modules_next_dist_1gdrd03._.js:1226
[ 1824421ms] [LOG] [Fast Refresh] done in 162ms @ http://localhost:3001/_next/static/chunks/node_modules_next_dist_1gdrd03._.js:1226
[ 1824468ms] [ERROR] Failed to load resource: the server responded with a status of 500 (Internal Server Error) @ http://localhost:3001/:0
[ 1824532ms] [INFO] %cDownload the React DevTools for a better development experience: https://react.dev/link/react-devtools font-weight:bold @ http://localhost:3001/_next/static/chunks/node_modules_next_dist_1ybzpk2._.js:2477
[ 1824558ms] [LOG] [HMR] connected @ http://localhost:3001/_next/static/chunks/node_modules_next_dist_1ybzpk2._.js:2477
[ 1824622ms] Error: NextRouter was not mounted. https://nextjs.org/docs/messages/next-router-not-mounted
    at useRouter (http://localhost:3001/_next/static/chunks/node_modules_next_0wbgiq2._.js:5461:37)
    at HomePage (http://localhost:3001/_next/static/chunks/src_app_page_tsx_1gecvfk._.js:15:167)
    at Object.react_stack_bottom_frame (http://localhost:3001/_next/static/chunks/node_modules_next_dist_compiled_react-dom_096_9a-._.js:15037:24)
    at renderWithHooks (http://localhost:3001/_next/static/chunks/node_modules_next_dist_compiled_react-dom_096_9a-._.js:4620:24)
    at updateFunctionComponent (http://localhost:3001/_next/static/chunks/node_modules_next_dist_compiled_react-dom_096_9a-._.js:6081:21)
    at beginWork (http://localhost:3001/_next/static/chunks/node_modules_next_dist_compiled_react-dom_096_9a-._.js:6691:24)
    at runWithFiberInDEV (http://localhost:3001/_next/static/chunks/node_modules_next_dist_compiled_react-dom_096_9a-._.js:965:74)
    at performUnitOfWork (http://localhost:3001/_next/static/chunks/node_modules_next_dist_compiled_react-dom_096_9a-._.js:9555:97)
    at workLoopSync (http://localhost:3001/_next/static/chunks/node_modules_next_dist_compiled_react-dom_096_9a-._.js:9449:40)
    at renderRootSync (http://localhost:3001/_next/static/chunks/node_modules_next_dist_compiled_react-dom_096_9a-._.js:9433:13)
    at performWorkOnRoot (http://localhost:3001/_next/static/chunks/node_modules_next_dist_compiled_react-dom_096_9a-._.js:9098:47)
    at performWorkOnRootViaSchedulerTask (http://localhost:3001/_next/static/chunks/node_modules_next_dist_compiled_react-dom_096_9a-._.js:10255:9)
    at MessagePort.performWorkUntilDeadline (http://localhost:3001/_next/static/chunks/node_modules_next_dist_compiled_1amofcm._.js:2647:64)
[ 1831810ms] [LOG] [Fast Refresh] rebuilding @ http://localhost:3001/_next/static/chunks/node_modules_next_dist_1ybzpk2._.js:2477
[ 1831904ms] [WARNING] [Fast Refresh] performing full reload because your application had an unrecoverable error @ http://localhost:3001/_next/static/chunks/node_modules_next_dist_1ybzpk2._.js:2477
[ 1831909ms] [LOG] [Fast Refresh] done in 205ms @ http://localhost:3001/_next/static/chunks/node_modules_next_dist_1ybzpk2._.js:2477
[ 1832012ms] [LOG] [Fast Refresh] rebuilding @ http://localhost:3001/_next/static/chunks/node_modules_next_dist_1ybzpk2._.js:2477
[ 1832150ms] [LOG] [Fast Refresh] done in 237ms @ http://localhost:3001/_next/static/chunks/node_modules_next_dist_1ybzpk2._.js:2477
[ 1832250ms] [INFO] %cDownload the React DevTools for a better development experience: https://react.dev/link/react-devtools font-weight:bold @ http://localhost:3001/_next/static/chunks/node_modules_next_dist_1ybzpk2._.js:2477
[ 1832279ms] [LOG] [HMR] connected @ http://localhost:3001/_next/static/chunks/node_modules_next_dist_1ybzpk2._.js:2477
[ 1848859ms] [LOG] [Fast Refresh] rebuilding @ http://localhost:3001/_next/static/chunks/node_modules_next_dist_1ybzpk2._.js:2477
[ 1848896ms] [ERROR] ./src/app/page.tsx:10:9
'const' declarations must be initialized
   8 | export default function HomePage() {
   9 |   const router = useRouter();
> 10 |   const [isLoggedIn, setIsLoggedin];
     |         ^^^^^^^^^^^^^^^^^^^^^^^^^^^
  11 | }
  12 |

Parsing ecmascript source code failed

Import traces:
  Client Component Browser:
    ./src/app/page.tsx [Client Component Browser]
    ./src/app/page.tsx [Server Component]

  Client Component SSR:
    ./src/app/page.tsx [Client Component SSR]
    ./src/app/page.tsx [Server Component] @ http://localhost:3001/_next/static/chunks/node_modules_next_dist_1ybzpk2._.js:3318
[ 1849018ms] [LOG] [Fast Refresh] rebuilding @ http://localhost:3001/_next/static/chunks/node_modules_next_dist_1ybzpk2._.js:2477
[ 1849061ms] [ERROR] ./src/app/page.tsx:10:9
'const' declarations must be initialized
   8 | export default function HomePage() {
   9 |   const router = useRouter();
> 10 |   const [isLoggedIn, setIsLoggedin];
     |         ^^^^^^^^^^^^^^^^^^^^^^^^^^^
  11 | }
  12 |

Parsing ecmascript source code failed

Import traces:
  Client Component Browser:
    ./src/app/page.tsx [Client Component Browser]
    ./src/app/page.tsx [Server Component]

  Client Component SSR:
    ./src/app/page.tsx [Client Component SSR]
    ./src/app/page.tsx [Server Component] @ http://localhost:3001/_next/static/chunks/node_modules_next_dist_1ybzpk2._.js:3318
[ 1849096ms] [ERROR] Failed to load resource: the server responded with a status of 500 (Internal Server Error) @ http://localhost:3001/?_rsc=q3mOO9BClNZHexY7:0
[ 1849172ms] [ERROR] Failed to load resource: the server responded with a status of 500 (Internal Server Error) @ http://localhost:3001/?_rsc=q3mOO9BClNZHexY7:0
[ 1849174ms] [ERROR] ./src/app/page.tsx:10:9
'const' declarations must be initialized
   8 | export default function HomePage() {
   9 |   const router = useRouter();
> 10 |   const [isLoggedIn, setIsLoggedin];
     |         ^^^^^^^^^^^^^^^^^^^^^^^^^^^
  11 | }
  12 |

Parsing ecmascript source code failed

Import traces:
  Client Component Browser:
    ./src/app/page.tsx [Client Component Browser]
    ./src/app/page.tsx [Server Component]

  Client Component SSR:
    ./src/app/page.tsx [Client Component SSR]
    ./src/app/page.tsx [Server Component] @ http://localhost:3001/_next/static/chunks/node_modules_next_dist_1ybzpk2._.js:3318
[ 1849227ms] [ERROR] Failed to load resource: the server responded with a status of 500 (Internal Server Error) @ http://localhost:3001/:0
[ 1849267ms] [INFO] %cDownload the React DevTools for a better development experience: https://react.dev/link/react-devtools font-weight:bold @ http://localhost:3001/_next/static/chunks/node_modules_react-dom_0kla17-._.js:15305
[ 1849280ms] Error: ./src/app/page.tsx:10:9
'const' declarations must be initialized
   8 | export default function HomePage() {
   9 |   const router = useRouter();
> 10 |   const [isLoggedIn, setIsLoggedin];
     |         ^^^^^^^^^^^^^^^^^^^^^^^^^^^
  11 | }
  12 |

Parsing ecmascript source code failed

Import traces:
  Client Component Browser:
    ./src/app/page.tsx [Client Component Browser]
    ./src/app/page.tsx [Server Component]

  Client Component SSR:
    ./src/app/page.tsx [Client Component SSR]
    ./src/app/page.tsx [Server Component]


    at <unknown> (Error: ./src/app/page.tsx:10:9)
    at Object.getCompilationErrors (file://D:\Lenovo\Code\learn\workspace\flashcard-app\web\node_modules\next\dist\server\dev\hot-reloader-turbopack.js:1186:59)
    at DevBundlerService.getCompilationError (file://D:\Lenovo\Code\learn\workspace\flashcard-app\web\node_modules\next\dist\server\lib\dev-bundler-service.js:44:55)
    at DevServer.getCompilationError (file://D:\Lenovo\Code\learn\workspace\flashcard-app\web\node_modules\next\dist\server\dev\next-dev-server.js:720:42)
    at DevServer.findPageComponents (file://D:\Lenovo\Code\learn\workspace\flashcard-app\web\node_modules\next\dist\server\dev\next-dev-server.js:690:43)
    at async DevServer.renderErrorToResponseImpl (file://D:\Lenovo\Code\learn\workspace\flashcard-app\web\node_modules\next\dist\server\base-server.js:1753:26)
[ 1849282ms] [LOG] [HMR] connected @ http://localhost:3001/_next/static/chunks/node_modules_next_dist_1gdrd03._.js:1226
[ 1849295ms] [ERROR] ./src/app/page.tsx:10:9
'const' declarations must be initialized
   8 | export default function HomePage() {
   9 |   const router = useRouter();
> 10 |   const [isLoggedIn, setIsLoggedin];
     |         ^^^^^^^^^^^^^^^^^^^^^^^^^^^
  11 | }
  12 |

Parsing ecmascript source code failed

Import traces:
  Client Component Browser:
    ./src/app/page.tsx [Client Component Browser]
    ./src/app/page.tsx [Server Component]

  Client Component SSR:
    ./src/app/page.tsx [Client Component SSR]
    ./src/app/page.tsx [Server Component] @ http://localhost:3001/_next/static/chunks/node_modules_next_dist_1gdrd03._.js:1945
[ 1849328ms] [ERROR] ./src/app/page.tsx:10:9
'const' declarations must be initialized
   8 | export default function HomePage() {
   9 |   const router = useRouter();
> 10 |   const [isLoggedIn, setIsLoggedin];
     |         ^^^^^^^^^^^^^^^^^^^^^^^^^^^
  11 | }
  12 |

Parsing ecmascript source code failed

Import traces:
  Client Component Browser:
    ./src/app/page.tsx [Client Component Browser]
    ./src/app/page.tsx [Server Component]

  Client Component SSR:
    ./src/app/page.tsx [Client Component SSR]
    ./src/app/page.tsx [Server Component] @ http://localhost:3001/_next/static/chunks/node_modules_next_dist_1gdrd03._.js:1945
[ 1849376ms] [ERROR] ./src/app/page.tsx:10:9
'const' declarations must be initialized
   8 | export default function HomePage() {
   9 |   const router = useRouter();
> 10 |   const [isLoggedIn, setIsLoggedin];
     |         ^^^^^^^^^^^^^^^^^^^^^^^^^^^
  11 | }
  12 |

Parsing ecmascript source code failed

Import traces:
  Client Component Browser:
    ./src/app/page.tsx [Client Component Browser]
    ./src/app/page.tsx [Server Component]

  Client Component SSR:
    ./src/app/page.tsx [Client Component SSR]
    ./src/app/page.tsx [Server Component] @ http://localhost:3001/_next/static/chunks/node_modules_next_dist_1gdrd03._.js:1945
[ 1849449ms] [ERROR] ./src/app/page.tsx:10:9
'const' declarations must be initialized
   8 | export default function HomePage() {
   9 |   const router = useRouter();
> 10 |   const [isLoggedIn, setIsLoggedin];
     |         ^^^^^^^^^^^^^^^^^^^^^^^^^^^
  11 | }
  12 |

Parsing ecmascript source code failed

Import traces:
  Client Component Browser:
    ./src/app/page.tsx [Client Component Browser]
    ./src/app/page.tsx [Server Component]

  Client Component SSR:
    ./src/app/page.tsx [Client Component SSR]
    ./src/app/page.tsx [Server Component] @ http://localhost:3001/_next/static/chunks/node_modules_next_dist_1gdrd03._.js:1945
[ 1849502ms] [LOG] [Fast Refresh] rebuilding @ http://localhost:3001/_next/static/chunks/node_modules_next_dist_1gdrd03._.js:1226
[ 1850729ms] [ERROR] ./src/app/page.tsx:10:9
'const' declarations must be initialized
   8 | export default function HomePage() {
   9 |   const router = useRouter();
> 10 |   const [isLoggedIn, setIsLoggedIn];
     |         ^^^^^^^^^^^^^^^^^^^^^^^^^^^
  11 | }
  12 |

Parsing ecmascript source code failed

Import traces:
  Client Component Browser:
    ./src/app/page.tsx [Client Component Browser]
    ./src/app/page.tsx [Server Component]

  Client Component SSR:
    ./src/app/page.tsx [Client Component SSR]
    ./src/app/page.tsx [Server Component] @ http://localhost:3001/_next/static/chunks/node_modules_next_dist_1gdrd03._.js:1945
[ 1850759ms] [LOG] [Fast Refresh] rebuilding @ http://localhost:3001/_next/static/chunks/node_modules_next_dist_1gdrd03._.js:1226
[ 1857178ms] [LOG] [Fast Refresh] rebuilding @ http://localhost:3001/_next/static/chunks/node_modules_next_dist_1gdrd03._.js:1226
[ 1857279ms] [LOG] [Fast Refresh] done in 158ms @ http://localhost:3001/_next/static/chunks/node_modules_next_dist_1gdrd03._.js:1226
[ 1857413ms] [LOG] [Fast Refresh] rebuilding @ http://localhost:3001/_next/static/chunks/node_modules_next_dist_1gdrd03._.js:1226
[ 1857734ms] [LOG] [Fast Refresh] done in 425ms @ http://localhost:3001/_next/static/chunks/node_modules_next_dist_1gdrd03._.js:1226
[ 1858111ms] [INFO] %cDownload the React DevTools for a better development experience: https://react.dev/link/react-devtools font-weight:bold @ http://localhost:3001/_next/static/chunks/node_modules_next_dist_1ybzpk2._.js:2477
[ 1858162ms] [LOG] [HMR] connected @ http://localhost:3001/_next/static/chunks/node_modules_next_dist_1ybzpk2._.js:2477
[ 1891002ms] [LOG] [Fast Refresh] rebuilding @ http://localhost:3001/_next/static/chunks/node_modules_next_dist_1ybzpk2._.js:2477
[ 1891036ms] [ERROR] ./src/app/page.tsx:11:9
'const' declarations must be initialized
   9 |   const router = useRouter();
  10 |   const [isLoggedIn, setIsLoggedIn] = useState(false);
> 11 |   const [isLoading, setIsLoading];
     |         ^^^^^^^^^^^^^^^^^^^^^^^^^
  12 | }
  13 |

Parsing ecmascript source code failed

Import traces:
  Client Component Browser:
    ./src/app/page.tsx [Client Component Browser]
    ./src/app/page.tsx [Server Component]

  Client Component SSR:
    ./src/app/page.tsx [Client Component SSR]
    ./src/app/page.tsx [Server Component] @ http://localhost:3001/_next/static/chunks/node_modules_next_dist_1ybzpk2._.js:3318
[ 1891088ms] [ERROR] ./src/app/page.tsx:11:9
'const' declarations must be initialized
   9 |   const router = useRouter();
  10 |   const [isLoggedIn, setIsLoggedIn] = useState(false);
> 11 |   const [isLoading, setIsLoading];
     |         ^^^^^^^^^^^^^^^^^^^^^^^^^
  12 | }
  13 |

Parsing ecmascript source code failed

Import traces:
  Client Component Browser:
    ./src/app/page.tsx [Client Component Browser]
    ./src/app/page.tsx [Server Component]

  Client Component SSR:
    ./src/app/page.tsx [Client Component SSR]
    ./src/app/page.tsx [Server Component] @ http://localhost:3001/_next/static/chunks/node_modules_next_dist_1ybzpk2._.js:3318
[ 1891132ms] [ERROR] Failed to load resource: the server responded with a status of 500 (Internal Server Error) @ http://localhost:3001/?_rsc=q3mOO9BClNZHexY7:0
[ 1891193ms] [ERROR] Failed to load resource: the server responded with a status of 500 (Internal Server Error) @ http://localhost:3001/?_rsc=q3mOO9BClNZHexY7:0
[ 1891194ms] [LOG] [Fast Refresh] rebuilding @ http://localhost:3001/_next/static/chunks/node_modules_next_dist_1ybzpk2._.js:2477
[ 1891253ms] [ERROR] Failed to load resource: the server responded with a status of 500 (Internal Server Error) @ http://localhost:3001/:0
[ 1891332ms] [INFO] %cDownload the React DevTools for a better development experience: https://react.dev/link/react-devtools font-weight:bold @ http://localhost:3001/_next/static/chunks/node_modules_react-dom_0kla17-._.js:15305
[ 1891349ms] Error: ./src/app/page.tsx:11:9
'const' declarations must be initialized
   9 |   const router = useRouter();
  10 |   const [isLoggedIn, setIsLoggedIn] = useState(false);
> 11 |   const [isLoading, setIsLoading];
     |         ^^^^^^^^^^^^^^^^^^^^^^^^^
  12 | }
  13 |

Parsing ecmascript source code failed

Import traces:
  Client Component Browser:
    ./src/app/page.tsx [Client Component Browser]
    ./src/app/page.tsx [Server Component]

  Client Component SSR:
    ./src/app/page.tsx [Client Component SSR]
    ./src/app/page.tsx [Server Component]


    at <unknown> (Error: ./src/app/page.tsx:11:9)
    at Object.getCompilationErrors (file://D:\Lenovo\Code\learn\workspace\flashcard-app\web\node_modules\next\dist\server\dev\hot-reloader-turbopack.js:1186:59)
    at DevBundlerService.getCompilationError (file://D:\Lenovo\Code\learn\workspace\flashcard-app\web\node_modules\next\dist\server\lib\dev-bundler-service.js:44:55)
    at DevServer.getCompilationError (file://D:\Lenovo\Code\learn\workspace\flashcard-app\web\node_modules\next\dist\server\dev\next-dev-server.js:720:42)
    at DevServer.findPageComponents (file://D:\Lenovo\Code\learn\workspace\flashcard-app\web\node_modules\next\dist\server\dev\next-dev-server.js:690:43)
    at async DevServer.renderErrorToResponseImpl (file://D:\Lenovo\Code\learn\workspace\flashcard-app\web\node_modules\next\dist\server\base-server.js:1753:26)
[ 1891349ms] [LOG] [HMR] connected @ http://localhost:3001/_next/static/chunks/node_modules_next_dist_1gdrd03._.js:1226
[ 1891359ms] [ERROR] ./src/app/page.tsx:11:9
'const' declarations must be initialized
   9 |   const router = useRouter();
  10 |   const [isLoggedIn, setIsLoggedIn] = useState(false);
> 11 |   const [isLoading, setIsLoading];
     |         ^^^^^^^^^^^^^^^^^^^^^^^^^
  12 | }
  13 |

Parsing ecmascript source code failed

Import traces:
  Client Component Browser:
    ./src/app/page.tsx [Client Component Browser]
    ./src/app/page.tsx [Server Component]

  Client Component SSR:
    ./src/app/page.tsx [Client Component SSR]
    ./src/app/page.tsx [Server Component] @ http://localhost:3001/_next/static/chunks/node_modules_next_dist_1gdrd03._.js:1945
[ 1891435ms] [ERROR] ./src/app/page.tsx:11:9
'const' declarations must be initialized
   9 |   const router = useRouter();
  10 |   const [isLoggedIn, setIsLoggedIn] = useState(false);
> 11 |   const [isLoading, setIsLoading];
     |         ^^^^^^^^^^^^^^^^^^^^^^^^^
  12 | }
  13 |

Parsing ecmascript source code failed

Import traces:
  Client Component Browser:
    ./src/app/page.tsx [Client Component Browser]
    ./src/app/page.tsx [Server Component]

  Client Component SSR:
    ./src/app/page.tsx [Client Component SSR]
    ./src/app/page.tsx [Server Component] @ http://localhost:3001/_next/static/chunks/node_modules_next_dist_1gdrd03._.js:1945
[ 1891464ms] [LOG] [Fast Refresh] rebuilding @ http://localhost:3001/_next/static/chunks/node_modules_next_dist_1gdrd03._.js:1226
[ 1896324ms] [LOG] [Fast Refresh] rebuilding @ http://localhost:3001/_next/static/chunks/node_modules_next_dist_1gdrd03._.js:1226
[ 1896360ms] [LOG] [Fast Refresh] done in 87ms @ http://localhost:3001/_next/static/chunks/node_modules_next_dist_1gdrd03._.js:1226
[ 1896487ms] [LOG] [Fast Refresh] rebuilding @ http://localhost:3001/_next/static/chunks/node_modules_next_dist_1gdrd03._.js:1226
[ 1896604ms] [LOG] [Fast Refresh] done in 227ms @ http://localhost:3001/_next/static/chunks/node_modules_next_dist_1gdrd03._.js:1226
[ 1896804ms] [INFO] %cDownload the React DevTools for a better development experience: https://react.dev/link/react-devtools font-weight:bold @ http://localhost:3001/_next/static/chunks/node_modules_next_dist_1ybzpk2._.js:2477
[ 1896840ms] [LOG] [HMR] connected @ http://localhost:3001/_next/static/chunks/node_modules_next_dist_1ybzpk2._.js:2477
[ 1949233ms] [LOG] [Fast Refresh] rebuilding @ http://localhost:3001/_next/static/chunks/node_modules_next_dist_1ybzpk2._.js:2477
[ 1949397ms] [LOG] [Fast Refresh] done in 90ms @ http://localhost:3001/_next/static/chunks/node_modules_next_dist_1ybzpk2._.js:2477
[ 1975027ms] [LOG] [Fast Refresh] rebuilding @ http://localhost:3001/_next/static/chunks/node_modules_next_dist_1ybzpk2._.js:2477
[ 1975200ms] [LOG] [Fast Refresh] done in 63ms @ http://localhost:3001/_next/static/chunks/node_modules_next_dist_1ybzpk2._.js:2477
[ 1997246ms] [LOG] [Fast Refresh] rebuilding @ http://localhost:3001/_next/static/chunks/node_modules_next_dist_1ybzpk2._.js:2477
[ 1997253ms] [ERROR] %s received a final argument during this render, but not during the previous render. Even though the final argument is optional, its type cannot change between renders. useEffect @ http://localhost:3001/_next/static/chunks/node_modules_next_dist_1ybzpk2._.js:3318
[ 1997432ms] [LOG] [Fast Refresh] done in 65ms @ http://localhost:3001/_next/static/chunks/node_modules_next_dist_1ybzpk2._.js:2477
[ 2004606ms] [LOG] [Fast Refresh] rebuilding @ http://localhost:3001/_next/static/chunks/node_modules_next_dist_1ybzpk2._.js:2477
[ 2004767ms] [LOG] [Fast Refresh] done in 85ms @ http://localhost:3001/_next/static/chunks/node_modules_next_dist_1ybzpk2._.js:2477
[ 2031596ms] [LOG] [Fast Refresh] rebuilding @ http://localhost:3001/_next/static/chunks/node_modules_next_dist_1ybzpk2._.js:2477
[ 2031766ms] [LOG] [Fast Refresh] done in 67ms @ http://localhost:3001/_next/static/chunks/node_modules_next_dist_1ybzpk2._.js:2477
[ 2081736ms] [LOG] [Fast Refresh] rebuilding @ http://localhost:3001/_next/static/chunks/node_modules_next_dist_1ybzpk2._.js:2477
[ 2081887ms] [LOG] [Fast Refresh] done in 69ms @ http://localhost:3001/_next/static/chunks/node_modules_next_dist_1ybzpk2._.js:2477
[ 2118121ms] [LOG] [Fast Refresh] rebuilding @ http://localhost:3001/_next/static/chunks/node_modules_next_dist_1ybzpk2._.js:2477
[ 2118151ms] [LOG] [Fast Refresh] done in 103ms @ http://localhost:3001/_next/static/chunks/node_modules_next_dist_1ybzpk2._.js:2477
[ 2118256ms] [LOG] [Fast Refresh] rebuilding @ http://localhost:3001/_next/static/chunks/node_modules_next_dist_1ybzpk2._.js:2477
[ 2118323ms] [LOG] [Fast Refresh] done in 169ms @ http://localhost:3001/_next/static/chunks/node_modules_next_dist_1ybzpk2._.js:2477
[ 2133750ms] [LOG] [Fast Refresh] rebuilding @ http://localhost:3001/_next/static/chunks/node_modules_next_dist_1ybzpk2._.js:2477
[ 2133910ms] [LOG] [Fast Refresh] done in 59ms @ http://localhost:3001/_next/static/chunks/node_modules_next_dist_1ybzpk2._.js:2477
[ 2168732ms] [LOG] [Fast Refresh] rebuilding @ http://localhost:3001/_next/static/chunks/node_modules_next_dist_1ybzpk2._.js:2477
[ 2168887ms] [LOG] [Fast Refresh] done in 54ms @ http://localhost:3001/_next/static/chunks/node_modules_next_dist_1ybzpk2._.js:2477
[ 2180266ms] [LOG] [Fast Refresh] rebuilding @ http://localhost:3001/_next/static/chunks/node_modules_next_dist_1ybzpk2._.js:2477
[ 2180273ms] [LOG] [Fast Refresh] done in 71ms @ http://localhost:3001/_next/static/chunks/node_modules_next_dist_1ybzpk2._.js:2477
[ 2180390ms] [LOG] [Fast Refresh] rebuilding @ http://localhost:3001/_next/static/chunks/node_modules_next_dist_1ybzpk2._.js:2477
[ 2180486ms] [LOG] [Fast Refresh] done in 210ms @ http://localhost:3001/_next/static/chunks/node_modules_next_dist_1ybzpk2._.js:2477
[ 2276839ms] [LOG] [Fast Refresh] rebuilding @ http://localhost:3001/_next/static/chunks/node_modules_next_dist_1ybzpk2._.js:2477
[ 2276848ms] [LOG] [Fast Refresh] done in 69ms @ http://localhost:3001/_next/static/chunks/node_modules_next_dist_1ybzpk2._.js:2477
[ 2276960ms] [LOG] [Fast Refresh] rebuilding @ http://localhost:3001/_next/static/chunks/node_modules_next_dist_1ybzpk2._.js:2477
[ 2277012ms] [LOG] [Fast Refresh] done in 162ms @ http://localhost:3001/_next/static/chunks/node_modules_next_dist_1ybzpk2._.js:2477
[ 2392296ms] [LOG] [Fast Refresh] rebuilding @ http://localhost:3001/_next/static/chunks/node_modules_next_dist_1ybzpk2._.js:2477
[ 2392489ms] [LOG] [Fast Refresh] done in 237ms @ http://localhost:3001/_next/static/chunks/node_modules_next_dist_1ybzpk2._.js:2477
